e:\megaproject\dependencies sources\eulernavmesh\eulernavmesh\debug\detournode.obj
e:\megaproject\dependencies sources\eulernavmesh\eulernavmesh\debug\detournavmeshquery.obj
e:\megaproject\dependencies sources\eulernavmesh\eulernavmesh\debug\detournavmeshbuilder.obj
e:\megaproject\dependencies sources\eulernavmesh\eulernavmesh\debug\detournavmesh.obj
e:\megaproject\dependencies sources\eulernavmesh\eulernavmesh\debug\detourcommon.obj
e:\megaproject\dependencies sources\eulernavmesh\eulernavmesh\debug\detouralloc.obj
e:\megaproject\dependencies sources\eulernavmesh\eulernavmesh\debug\detourtilecachebuilder.obj
e:\megaproject\dependencies sources\eulernavmesh\eulernavmesh\debug\detourtilecache.obj
e:\megaproject\dependencies sources\eulernavmesh\eulernavmesh\debug\detourproximitygrid.obj
e:\megaproject\dependencies sources\eulernavmesh\eulernavmesh\debug\detourpathqueue.obj
e:\megaproject\dependencies sources\eulernavmesh\eulernavmesh\debug\detourpathcorridor.obj
e:\megaproject\dependencies sources\eulernavmesh\eulernavmesh\debug\detourobstacleavoidance.obj
e:\megaproject\dependencies sources\eulernavmesh\eulernavmesh\debug\detourlocalboundary.obj
e:\megaproject\dependencies sources\eulernavmesh\eulernavmesh\debug\detourcrowd.obj
e:\megaproject\dependencies sources\eulernavmesh\eulernavmesh\debug\logg.obj
e:\megaproject\dependencies sources\eulernavmesh\eulernavmesh\debug\recastregion.obj
e:\megaproject\dependencies sources\eulernavmesh\eulernavmesh\debug\recastrasterization.obj
e:\megaproject\dependencies sources\eulernavmesh\eulernavmesh\debug\recastmeshdetail.obj
e:\megaproject\dependencies sources\eulernavmesh\eulernavmesh\debug\recastmesh.obj
e:\megaproject\dependencies sources\eulernavmesh\eulernavmesh\debug\recastlayers.obj
e:\megaproject\dependencies sources\eulernavmesh\eulernavmesh\debug\recastfilter.obj
e:\megaproject\dependencies sources\eulernavmesh\eulernavmesh\debug\recastcontour.obj
e:\megaproject\dependencies sources\eulernavmesh\eulernavmesh\debug\recastarea.obj
e:\megaproject\dependencies sources\eulernavmesh\eulernavmesh\debug\recastalloc.obj
e:\megaproject\dependencies sources\eulernavmesh\eulernavmesh\debug\recast.obj
e:\megaproject\dependencies sources\eulernavmesh\eulernavmesh\debug\fastlz.obj
e:\megaproject\dependencies sources\eulernavmesh\eulernavmesh\debug\ogrerecast.obj
e:\megaproject\dependencies sources\eulernavmesh\eulernavmesh\debug\ogredetourtilecache.obj
e:\megaproject\dependencies sources\eulernavmesh\eulernavmesh\debug\ogredetourcrowd.obj
e:\megaproject\dependencies sources\eulernavmesh\eulernavmesh\debug\inputgeom.obj
e:\megaproject\dependencies sources\eulernavmesh\eulernavmesh\debug\detourwrapper.obj
e:\megaproject\dependencies sources\eulernavmesh\eulernavmesh\debug\vc100.pdb
e:\megaproject\dependencies sources\eulernavmesh\eulernavmesh\debug\.netframework,version=v4.5.assemblyattributes.obj
e:\megaproject\bin\debug\eulernavmesh.ilk
e:\megaproject\bin\debug\eulernavmesh.dll
e:\megaproject\dependencies sources\eulernavmesh\eulernavmesh\debug\eulernavmesh.dll.intermediate.manifest
e:\megaproject\bin\debug\eulernavmesh.pdb
e:\megaproject\dependencies sources\eulernavmesh\eulernavmesh\debug\app.res
e:\megaproject\dependencies sources\eulernavmesh\eulernavmesh\debug\vc120.pdb
e:\megaproject\dependencies sources\eulernavmesh\eulernavmesh\debug\cl.command.1.tlog
e:\megaproject\dependencies sources\eulernavmesh\eulernavmesh\debug\cl.read.1.tlog
e:\megaproject\dependencies sources\eulernavmesh\eulernavmesh\debug\cl.write.1.tlog
e:\megaproject\dependencies sources\eulernavmesh\eulernavmesh\debug\eulernavmesh.write.1.tlog
e:\megaproject\dependencies sources\eulernavmesh\eulernavmesh\debug\link.4384-cvtres.read.1.tlog
e:\megaproject\dependencies sources\eulernavmesh\eulernavmesh\debug\link.4384-cvtres.write.1.tlog
e:\megaproject\dependencies sources\eulernavmesh\eulernavmesh\debug\link.4384.read.1.tlog
e:\megaproject\dependencies sources\eulernavmesh\eulernavmesh\debug\link.4384.write.1.tlog
e:\megaproject\dependencies sources\eulernavmesh\eulernavmesh\debug\link.command.1.tlog
e:\megaproject\dependencies sources\eulernavmesh\eulernavmesh\debug\link.read.1.tlog
e:\megaproject\dependencies sources\eulernavmesh\eulernavmesh\debug\link.write.1.tlog
e:\megaproject\dependencies sources\eulernavmesh\eulernavmesh\debug\mt.command.1.tlog
e:\megaproject\dependencies sources\eulernavmesh\eulernavmesh\debug\mt.read.1.tlog
e:\megaproject\dependencies sources\eulernavmesh\eulernavmesh\debug\mt.write.1.tlog
e:\megaproject\dependencies sources\eulernavmesh\eulernavmesh\debug\rc.command.1.tlog
e:\megaproject\dependencies sources\eulernavmesh\eulernavmesh\debug\rc.read.1.tlog
e:\megaproject\dependencies sources\eulernavmesh\eulernavmesh\debug\rc.write.1.tlog
e:\megaproject\dependencies sources\eulernavmesh\eulernavmesh\..\..\..\bin\debug\eulernavmesh.dll
e:\megaproject\dependencies sources\eulernavmesh\eulernavmesh\debug\eulernavmesh.tlog\cl.command.1.tlog
e:\megaproject\dependencies sources\eulernavmesh\eulernavmesh\debug\eulernavmesh.tlog\cl.read.1.tlog
e:\megaproject\dependencies sources\eulernavmesh\eulernavmesh\debug\eulernavmesh.tlog\cl.write.1.tlog
e:\megaproject\dependencies sources\eulernavmesh\eulernavmesh\debug\eulernavmesh.tlog\link.command.1.tlog
e:\megaproject\dependencies sources\eulernavmesh\eulernavmesh\debug\eulernavmesh.tlog\link.read.1.tlog
e:\megaproject\dependencies sources\eulernavmesh\eulernavmesh\debug\eulernavmesh.tlog\link.write.1.tlog
e:\megaproject\dependencies sources\eulernavmesh\eulernavmesh\debug\eulernavmesh.tlog\metagen.read.1.tlog
e:\megaproject\dependencies sources\eulernavmesh\eulernavmesh\debug\eulernavmesh.tlog\metagen.write.1.tlog
e:\megaproject\dependencies sources\eulernavmesh\eulernavmesh\debug\eulernavmesh.tlog\rc.command.1.tlog
e:\megaproject\dependencies sources\eulernavmesh\eulernavmesh\debug\eulernavmesh.tlog\rc.read.1.tlog
e:\megaproject\dependencies sources\eulernavmesh\eulernavmesh\debug\eulernavmesh.tlog\rc.write.1.tlog
e:\megaproject\dependencies sources\eulernavmesh\eulernavmesh\debug\eulernavmesh.tlog\rsaenh.dll.bi
e:\megaproject\dependencies sources\eulernavmesh\eulernavmesh\debug\eulernavmesh.tlog\tzres.dll.bi
